2026-01-25 20:26:48.240 [background-preinit] INFO  org.hibernate.validator.internal.util.Version [] - HV000001: Hibernate Validator 8.0.2.Final
2026-01-25 20:26:48.310 [restartedMain] INFO  c.example.employee.staff.config.StaffApplication [] - Starting StaffApplication using Java 17.0.11 with PID 27492 (D:\Java\springbootProject\employee\staff\target\classes started by lenovo in D:\Java\springbootProject\employee)
2026-01-25 20:26:48.312 [restartedMain] INFO  c.example.employee.staff.config.StaffApplication [] - No active profile set, falling back to 1 default profile: "default"
2026-01-25 20:26:48.360 [restartedMain] INFO  o.s.b.d.env.DevToolsPropertyDefaultsPostProcessor [] - Devtools property defaults active! Set 'spring.devtools.add-properties' to 'false' to disable
2026-01-25 20:26:48.361 [restartedMain] INFO  o.s.b.d.env.DevToolsPropertyDefaultsPostProcessor [] - For additional web related logging consider setting the 'logging.level.web' property to 'DEBUG'
2026-01-25 20:26:49.567 [restartedMain] INFO  o.springframework.cloud.context.scope.GenericScope [] - BeanFactory id=db56928c-007b-3d43-90ef-5e12f20227b1
2026-01-25 20:26:50.438 [restartedMain] INFO  o.s.boot.web.embedded.tomcat.TomcatWebServer [] - Tomcat initialized with port 8001 (http)
2026-01-25 20:26:50.458 [restartedMain] INFO  org.apache.coyote.http11.Http11NioProtocol [] - Initializing ProtocolHandler ["http-nio-8001"]
2026-01-25 20:26:50.460 [restartedMain] INFO  org.apache.catalina.core.StandardService [] - Starting service [Tomcat]
2026-01-25 20:26:50.460 [restartedMain] INFO  org.apache.catalina.core.StandardEngine [] - Starting Servlet engine: [Apache Tomcat/10.1.43]
2026-01-25 20:26:50.558 [restartedMain] INFO  o.a.c.c.C.[Tomcat].[localhost].[/staff] [] - Initializing Spring embedded WebApplicationContext
2026-01-25 20:26:50.558 [restartedMain] INFO  o.s.b.w.s.c.ServletWebServerApplicationContext [] - Root WebApplicationContext: initialization completed in 2196 ms
2026-01-25 20:26:51.829 [restartedMain] WARN  o.s.b.d.autoconfigure.OptionalLiveReloadServer [] - Unable to start LiveReload server
2026-01-25 20:26:52.284 [restartedMain] INFO  org.apache.coyote.http11.Http11NioProtocol [] - Starting ProtocolHandler ["http-nio-8001"]
2026-01-25 20:26:52.308 [restartedMain] INFO  o.s.boot.web.embedded.tomcat.TomcatWebServer [] - Tomcat started on port 8001 (http) with context path '/staff'
2026-01-25 20:26:52.694 [restartedMain] INFO  c.example.employee.staff.config.StaffApplication [] - Started StaffApplication in 5.892 seconds (process running for 7.287)
2026-01-25 20:26:52.698 [restartedMain] INFO  c.example.employee.staff.config.StaffApplication [] - 启动成功！！
2026-01-25 20:26:52.700 [restartedMain] INFO  c.example.employee.staff.config.StaffApplication [] - 地址: 	http://127.0.0.1:8001/staff/hello
2026-01-25 20:32:29.532 [http-nio-8001-exec-1] INFO  o.a.c.c.C.[Tomcat].[localhost].[/staff] [] - Initializing Spring DispatcherServlet 'dispatcherServlet'
2026-01-25 20:32:29.535 [http-nio-8001-exec-1] INFO  org.springframework.web.servlet.DispatcherServlet [] - Initializing Servlet 'dispatcherServlet'
2026-01-25 20:32:29.548 [http-nio-8001-exec-1] INFO  org.springframework.web.servlet.DispatcherServlet [] - Completed initialization in 12 ms
2026-01-25 20:32:29.813 [http-nio-8001-exec-1] INFO  com.example.common.aspect.LogAspect [] - ------------- 开始 -------------
2026-01-25 20:32:29.815 [http-nio-8001-exec-1] INFO  com.example.common.aspect.LogAspect [] - 请求地址: http://localhost:8001/staff/login org.apache.catalina.connector.RequestFacade@7cd5f3f1
2026-01-25 20:32:29.815 [http-nio-8001-exec-1] INFO  com.example.common.aspect.LogAspect [] - 类名方法: com.example.employee.staff.controller.LoginController.login
2026-01-25 20:32:29.816 [http-nio-8001-exec-1] INFO  com.example.common.aspect.LogAspect [] - 远程地址：0:0:0:0:0:0:0:1
2026-01-25 20:32:29.950 [http-nio-8001-exec-1] INFO  com.example.common.aspect.LogAspect [] - 请求参数: [{"jobNumber":1,"password":"1"}]
2026-01-25 20:32:29.985 [http-nio-8001-exec-1] INFO  com.zaxxer.hikari.HikariDataSource [] - HikariPool-1 - Starting...
2026-01-25 20:32:30.615 [http-nio-8001-exec-1] INFO  com.zaxxer.hikari.pool.HikariPool [] - HikariPool-1 - Added connection com.mysql.cj.jdbc.ConnectionImpl@1ff793b9
2026-01-25 20:32:30.618 [http-nio-8001-exec-1] INFO  com.zaxxer.hikari.HikariDataSource [] - HikariPool-1 - Start completed.
2026-01-25 20:32:30.743 [http-nio-8001-exec-1] INFO  com.example.common.aspect.LogAspect [] - 返回结果: {"content":{"jobNumber":1},"success":true}
2026-01-25 20:32:30.743 [http-nio-8001-exec-1] INFO  com.example.common.aspect.LogAspect [] - ------------- 结束 耗时：931 ms -------------
2026-01-25 20:32:30.829 [http-nio-8001-exec-2] INFO  com.example.common.aspect.LogAspect [] - ------------- 开始 -------------
2026-01-25 20:32:30.829 [http-nio-8001-exec-2] INFO  com.example.common.aspect.LogAspect [] - 请求地址: http://localhost:8001/staff/getNames org.apache.catalina.connector.RequestFacade@4af8985a
2026-01-25 20:32:30.830 [http-nio-8001-exec-2] INFO  com.example.common.aspect.LogAspect [] - 类名方法: com.example.employee.staff.controller.StaffController.getNameByJobNumber
2026-01-25 20:32:30.831 [http-nio-8001-exec-2] INFO  com.example.common.aspect.LogAspect [] - 远程地址：0:0:0:0:0:0:0:1
2026-01-25 20:32:30.831 [http-nio-8001-exec-2] INFO  com.example.common.aspect.LogAspect [] - 请求参数: ["1"]
2026-01-25 20:32:30.932 [http-nio-8001-exec-2] INFO  com.example.common.aspect.LogAspect [] - 返回结果: "兮兮"
2026-01-25 20:32:30.933 [http-nio-8001-exec-2] INFO  com.example.common.aspect.LogAspect [] - ------------- 结束 耗时：104 ms -------------
2026-01-25 20:32:31.605 [http-nio-8001-exec-3] INFO  com.example.common.aspect.LogAspect [] - ------------- 开始 -------------
2026-01-25 20:32:31.605 [http-nio-8001-exec-3] INFO  com.example.common.aspect.LogAspect [] - 请求地址: http://localhost:8001/staff/attendance/list org.apache.catalina.connector.RequestFacade@19396dd4
2026-01-25 20:32:31.605 [http-nio-8001-exec-3] INFO  com.example.common.aspect.LogAspect [] - 类名方法: com.example.employee.staff.controller.AttendanceController.list
2026-01-25 20:32:31.605 [http-nio-8001-exec-3] INFO  com.example.common.aspect.LogAspect [] - 远程地址：0:0:0:0:0:0:0:1
2026-01-25 20:32:31.606 [http-nio-8001-exec-3] INFO  com.example.common.aspect.LogAspect [] - 请求参数: ["1"]
2026-01-25 20:32:31.626 [http-nio-8001-exec-3] INFO  com.example.common.aspect.LogAspect [] - 返回结果: [{"createdAt":1758636213000,"id":1,"jobNumber":"1","punchTime":1758636214000,"type":"上班","updatedAt":1758636213000},{"createdAt":1758636435000,"id":2,"jobNumber":"1","punchTime":1758636436000,"type":"下班","updatedAt":1758636435000},{"createdAt":1760878415000,"id":3,"jobNumber":"1","punchTime":1760878416000,"type":"上班","updatedAt":1760878415000},{"createdAt":1760878417000,"id":4,"jobNumber":"1","punchTime":1760878417000,"type":"下班","updatedAt":1760878417000},{"createdAt":1761468316000,"id":5,"jobNumber":"1","punchTime":1761468316000,"type":"上班","updatedAt":1761468316000},{"createdAt":1761469054000,"id":6,"jobNumber":"1","punchTime":1761469054000,"type":"下班","updatedAt":1761469054000},{"createdAt":1762670152000,"id":7,"jobNumber":"1","punchTime":1762670152000,"type":"上班","updatedAt":1762670152000},{"createdAt":1763896137000,"id":8,"jobNumber":"1","punchTime":1763896137000,"type":"上班","updatedAt":1763896137000},{"createdAt":1763899688000,"id":9,"jobNumber":"1","punchTime":1763899688000,"type":"下班","updatedAt":1763899688000},{"createdAt":1767617383000,"id":10,"jobNumber":"1","punchTime":1767617383000,"type":"上班","updatedAt":1767617383000},{"createdAt":1768115802000,"id":11,"jobNumber":"1","punchTime":1768115802000,"type":"上班","updatedAt":1768115802000},{"createdAt":1768909132000,"id":12,"jobNumber":"1","punchTime":1768909132000,"type":"上班","updatedAt":1768909132000},{"createdAt":1768913555000,"id":13,"jobNumber":"1","punchTime":1768913555000,"type":"下班","updatedAt":1768913555000}]
2026-01-25 20:32:31.627 [http-nio-8001-exec-3] INFO  com.example.common.aspect.LogAspect [] - ------------- 结束 耗时：22 ms -------------
2026-01-25 20:32:46.599 [http-nio-8001-exec-4] INFO  com.example.common.aspect.LogAspect [] - ------------- 开始 -------------
2026-01-25 20:32:46.599 [http-nio-8001-exec-4] INFO  com.example.common.aspect.LogAspect [] - 请求地址: http://localhost:8001/staff/attendance/punch org.apache.catalina.connector.RequestFacade@6329b939
2026-01-25 20:32:46.599 [http-nio-8001-exec-4] INFO  com.example.common.aspect.LogAspect [] - 类名方法: com.example.employee.staff.controller.AttendanceController.punch
2026-01-25 20:32:46.599 [http-nio-8001-exec-4] INFO  com.example.common.aspect.LogAspect [] - 远程地址：0:0:0:0:0:0:0:1
2026-01-25 20:32:46.601 [http-nio-8001-exec-4] INFO  com.example.common.aspect.LogAspect [] - 请求参数: ["1","上班"]
2026-01-25 20:32:46.628 [http-nio-8001-exec-4] INFO  com.example.common.aspect.LogAspect [] - 返回结果: {"success":true,"time":"2026-01-25 20:32:46","message":"上班 打卡成功"}
2026-01-25 20:32:46.629 [http-nio-8001-exec-4] INFO  com.example.common.aspect.LogAspect [] - ------------- 结束 耗时：30 ms -------------
2026-01-25 20:32:46.862 [http-nio-8001-exec-5] INFO  com.example.common.aspect.LogAspect [] - ------------- 开始 -------------
2026-01-25 20:32:46.862 [http-nio-8001-exec-5] INFO  com.example.common.aspect.LogAspect [] - 请求地址: http://localhost:8001/staff/attendance/list org.apache.catalina.connector.RequestFacade@79d55e4e
2026-01-25 20:32:46.862 [http-nio-8001-exec-5] INFO  com.example.common.aspect.LogAspect [] - 类名方法: com.example.employee.staff.controller.AttendanceController.list
2026-01-25 20:32:46.864 [http-nio-8001-exec-5] INFO  com.example.common.aspect.LogAspect [] - 远程地址：0:0:0:0:0:0:0:1
2026-01-25 20:32:46.864 [http-nio-8001-exec-5] INFO  com.example.common.aspect.LogAspect [] - 请求参数: ["1"]
2026-01-25 20:32:46.871 [http-nio-8001-exec-5] INFO  com.example.common.aspect.LogAspect [] - 返回结果: [{"createdAt":1758636213000,"id":1,"jobNumber":"1","punchTime":1758636214000,"type":"上班","updatedAt":1758636213000},{"createdAt":1758636435000,"id":2,"jobNumber":"1","punchTime":1758636436000,"type":"下班","updatedAt":1758636435000},{"createdAt":1760878415000,"id":3,"jobNumber":"1","punchTime":1760878416000,"type":"上班","updatedAt":1760878415000},{"createdAt":1760878417000,"id":4,"jobNumber":"1","punchTime":1760878417000,"type":"下班","updatedAt":1760878417000},{"createdAt":1761468316000,"id":5,"jobNumber":"1","punchTime":1761468316000,"type":"上班","updatedAt":1761468316000},{"createdAt":1761469054000,"id":6,"jobNumber":"1","punchTime":1761469054000,"type":"下班","updatedAt":1761469054000},{"createdAt":1762670152000,"id":7,"jobNumber":"1","punchTime":1762670152000,"type":"上班","updatedAt":1762670152000},{"createdAt":1763896137000,"id":8,"jobNumber":"1","punchTime":1763896137000,"type":"上班","updatedAt":1763896137000},{"createdAt":1763899688000,"id":9,"jobNumber":"1","punchTime":1763899688000,"type":"下班","updatedAt":1763899688000},{"createdAt":1767617383000,"id":10,"jobNumber":"1","punchTime":1767617383000,"type":"上班","updatedAt":1767617383000},{"createdAt":1768115802000,"id":11,"jobNumber":"1","punchTime":1768115802000,"type":"上班","updatedAt":1768115802000},{"createdAt":1768909132000,"id":12,"jobNumber":"1","punchTime":1768909132000,"type":"上班","updatedAt":1768909132000},{"createdAt":1768913555000,"id":13,"jobNumber":"1","punchTime":1768913555000,"type":"下班","updatedAt":1768913555000},{"createdAt":1769344367000,"id":14,"jobNumber":"1","punchTime":1769344367000,"type":"上班","updatedAt":1769344367000}]
2026-01-25 20:32:46.871 [http-nio-8001-exec-5] INFO  com.example.common.aspect.LogAspect [] - ------------- 结束 耗时：9 ms -------------
2026-01-25 20:32:55.855 [http-nio-8001-exec-6] INFO  com.example.common.aspect.LogAspect [] - ------------- 开始 -------------
2026-01-25 20:32:55.856 [http-nio-8001-exec-6] INFO  com.example.common.aspect.LogAspect [] - 请求地址: http://localhost:8001/staff/attendance/list org.apache.catalina.connector.RequestFacade@35c36d6d
2026-01-25 20:32:55.856 [http-nio-8001-exec-6] INFO  com.example.common.aspect.LogAspect [] - 类名方法: com.example.employee.staff.controller.AttendanceController.list
2026-01-25 20:32:55.856 [http-nio-8001-exec-6] INFO  com.example.common.aspect.LogAspect [] - 远程地址：0:0:0:0:0:0:0:1
2026-01-25 20:32:55.856 [http-nio-8001-exec-6] INFO  com.example.common.aspect.LogAspect [] - 请求参数: ["1"]
2026-01-25 20:32:55.863 [http-nio-8001-exec-6] INFO  com.example.common.aspect.LogAspect [] - 返回结果: [{"createdAt":1758636213000,"id":1,"jobNumber":"1","punchTime":1758636214000,"type":"上班","updatedAt":1758636213000},{"createdAt":1758636435000,"id":2,"jobNumber":"1","punchTime":1758636436000,"type":"下班","updatedAt":1758636435000},{"createdAt":1760878415000,"id":3,"jobNumber":"1","punchTime":1760878416000,"type":"上班","updatedAt":1760878415000},{"createdAt":1760878417000,"id":4,"jobNumber":"1","punchTime":1760878417000,"type":"下班","updatedAt":1760878417000},{"createdAt":1761468316000,"id":5,"jobNumber":"1","punchTime":1761468316000,"type":"上班","updatedAt":1761468316000},{"createdAt":1761469054000,"id":6,"jobNumber":"1","punchTime":1761469054000,"type":"下班","updatedAt":1761469054000},{"createdAt":1762670152000,"id":7,"jobNumber":"1","punchTime":1762670152000,"type":"上班","updatedAt":1762670152000},{"createdAt":1763896137000,"id":8,"jobNumber":"1","punchTime":1763896137000,"type":"上班","updatedAt":1763896137000},{"createdAt":1763899688000,"id":9,"jobNumber":"1","punchTime":1763899688000,"type":"下班","updatedAt":1763899688000},{"createdAt":1767617383000,"id":10,"jobNumber":"1","punchTime":1767617383000,"type":"上班","updatedAt":1767617383000},{"createdAt":1768115802000,"id":11,"jobNumber":"1","punchTime":1768115802000,"type":"上班","updatedAt":1768115802000},{"createdAt":1768909132000,"id":12,"jobNumber":"1","punchTime":1768909132000,"type":"上班","updatedAt":1768909132000},{"createdAt":1768913555000,"id":13,"jobNumber":"1","punchTime":1768913555000,"type":"下班","updatedAt":1768913555000},{"createdAt":1769344367000,"id":14,"jobNumber":"1","punchTime":1769344367000,"type":"上班","updatedAt":1769344367000}]
2026-01-25 20:32:55.864 [http-nio-8001-exec-6] INFO  com.example.common.aspect.LogAspect [] - ------------- 结束 耗时：9 ms -------------
2026-01-25 21:14:38.479 [File Watcher] INFO  o.s.b.d.a.LocalDevToolsAutoConfiguration$RestartingClassPathChangeChangedEventListener [] - Restarting due to 14 class path changes (0 additions, 5 deletions, 9 modifications)
2026-01-25 21:14:38.541 [Thread-1] INFO  o.s.boot.web.embedded.tomcat.GracefulShutdown [] - Commencing graceful shutdown. Waiting for active requests to complete
2026-01-25 21:14:38.551 [tomcat-shutdown] INFO  org.apache.coyote.http11.Http11NioProtocol [] - Pausing ProtocolHandler ["http-nio-8001"]
2026-01-25 21:14:39.645 [tomcat-shutdown] INFO  o.s.boot.web.embedded.tomcat.GracefulShutdown [] - Graceful shutdown complete
2026-01-25 21:14:39.646 [Thread-1] INFO  org.apache.coyote.http11.Http11NioProtocol [] - Stopping ProtocolHandler ["http-nio-8001"]
2026-01-25 21:14:39.676 [Thread-1] INFO  com.zaxxer.hikari.HikariDataSource [] - HikariPool-1 - Shutdown initiated...
2026-01-25 21:14:39.684 [Thread-1] INFO  com.zaxxer.hikari.HikariDataSource [] - HikariPool-1 - Shutdown completed.
2026-01-25 21:14:40.660 [restartedMain] INFO  c.example.employee.staff.config.StaffApplication [] - Starting StaffApplication using Java 17.0.11 with PID 27492 (D:\Java\springbootProject\employee\staff\target\classes started by lenovo in D:\Java\springbootProject\employee)
2026-01-25 21:14:40.660 [restartedMain] INFO  c.example.employee.staff.config.StaffApplication [] - No active profile set, falling back to 1 default profile: "default"
2026-01-25 21:14:41.003 [restartedMain] INFO  o.springframework.cloud.context.scope.GenericScope [] - BeanFactory id=db56928c-007b-3d43-90ef-5e12f20227b1
2026-01-25 21:14:41.189 [restartedMain] INFO  o.s.boot.web.embedded.tomcat.TomcatWebServer [] - Tomcat initialized with port 8001 (http)
2026-01-25 21:14:41.190 [restartedMain] INFO  org.apache.coyote.http11.Http11NioProtocol [] - Initializing ProtocolHandler ["http-nio-8001"]
2026-01-25 21:14:41.192 [restartedMain] INFO  org.apache.catalina.core.StandardService [] - Starting service [Tomcat]
2026-01-25 21:14:41.192 [restartedMain] INFO  org.apache.catalina.core.StandardEngine [] - Starting Servlet engine: [Apache Tomcat/10.1.43]
2026-01-25 21:14:41.262 [restartedMain] INFO  o.a.c.c.C.[Tomcat].[localhost].[/staff] [] - Initializing Spring embedded WebApplicationContext
2026-01-25 21:14:41.262 [restartedMain] INFO  o.s.b.w.s.c.ServletWebServerApplicationContext [] - Root WebApplicationContext: initialization completed in 598 ms
2026-01-25 21:14:41.317 [restartedMain] WARN  o.s.b.w.s.c.AnnotationConfigServletWebServerApplicationContext [] - Exception encountered during context initialization - cancelling refresh attempt: org.springframework.beans.factory.UnsatisfiedDependencyException: Error creating bean with name 'attendanceController': Unsatisfied dependency expressed through field 'attendanceService': Error creating bean with name 'attendanceService': Unsatisfied dependency expressed through field 'attendanceRecordsMapper': Error creating bean with name 'attendanceRecordsMapper' defined in file [D:\Java\springbootProject\employee\staff\target\classes\com\example\employee\staff\mapper\AttendanceRecordsMapper.class]: Unsatisfied dependency expressed through bean property 'sqlSessionFactory': Error creating bean with name 'sqlSessionFactory' defined in class path resource [org/mybatis/spring/boot/autoconfigure/MybatisAutoConfiguration.class]: Failed to instantiate [org.apache.ibatis.session.SqlSessionFactory]: Factory method 'sqlSessionFactory' threw exception with message: Failed to parse mapping resource: 'file [D:\Java\springbootProject\employee\staff\target\classes\mapper\AttendanceRecordsMapper.xml]'
2026-01-25 21:14:41.318 [restartedMain] INFO  org.apache.catalina.core.StandardService [] - Stopping service [Tomcat]
2026-01-25 21:14:41.324 [restartedMain] INFO  o.s.b.a.logging.ConditionEvaluationReportLogger [] - 

Error starting ApplicationContext. To display the condition evaluation report re-run your application with 'debug' enabled.
2026-01-25 21:14:41.344 [restartedMain] ERROR org.springframework.boot.SpringApplication [] - Application run failed
org.springframework.beans.factory.UnsatisfiedDependencyException: Error creating bean with name 'attendanceController': Unsatisfied dependency expressed through field 'attendanceService': Error creating bean with name 'attendanceService': Unsatisfied dependency expressed through field 'attendanceRecordsMapper': Error creating bean with name 'attendanceRecordsMapper' defined in file [D:\Java\springbootProject\employee\staff\target\classes\com\example\employee\staff\mapper\AttendanceRecordsMapper.class]: Unsatisfied dependency expressed through bean property 'sqlSessionFactory': Error creating bean with name 'sqlSessionFactory' defined in class path resource [org/mybatis/spring/boot/autoconfigure/MybatisAutoConfiguration.class]: Failed to instantiate [org.apache.ibatis.session.SqlSessionFactory]: Factory method 'sqlSessionFactory' threw exception with message: Failed to parse mapping resource: 'file [D:\Java\springbootProject\employee\staff\target\classes\mapper\AttendanceRecordsMapper.xml]'
	at org.springframework.beans.factory.annotation.AutowiredAnnotationBeanPostProcessor$AutowiredFieldElement.resolveFieldValue(AutowiredAnnotationBeanPostProcessor.java:788)
	at org.springframework.beans.factory.annotation.AutowiredAnnotationBeanPostProcessor$AutowiredFieldElement.inject(AutowiredAnnotationBeanPostProcessor.java:768)
	at org.springframework.beans.factory.annotation.InjectionMetadata.inject(InjectionMetadata.java:146)
	at org.springframework.beans.factory.annotation.AutowiredAnnotationBeanPostProcessor.postProcessProperties(AutowiredAnnotationBeanPostProcessor.java:509)
	at org.springframework.beans.factory.support.AbstractAutowireCapableBeanFactory.populateBean(AbstractAutowireCapableBeanFactory.java:1459)
	at org.springframework.beans.factory.support.AbstractAutowireCapableBeanFactory.doCreateBean(AbstractAutowireCapableBeanFactory.java:606)
	at org.springframework.beans.factory.support.AbstractAutowireCapableBeanFactory.createBean(AbstractAutowireCapableBeanFactory.java:529)
	at org.springframework.beans.factory.support.AbstractBeanFactory.lambda$doGetBean$0(AbstractBeanFactory.java:339)
	at org.springframework.beans.factory.support.DefaultSingletonBeanRegistry.getSingleton(DefaultSingletonBeanRegistry.java:373)
	at org.springframework.beans.factory.support.AbstractBeanFactory.doGetBean(AbstractBeanFactory.java:337)
	at org.springframework.beans.factory.support.AbstractBeanFactory.getBean(AbstractBeanFactory.java:202)
	at org.springframework.beans.factory.support.DefaultListableBeanFactory.instantiateSingleton(DefaultListableBeanFactory.java:1222)
	at org.springframework.beans.factory.support.DefaultListableBeanFactory.preInstantiateSingleton(DefaultListableBeanFactory.java:1188)
	at org.springframework.beans.factory.support.DefaultListableBeanFactory.preInstantiateSingletons(DefaultListableBeanFactory.java:1123)
	at org.springframework.context.support.AbstractApplicationContext.finishBeanFactoryInitialization(AbstractApplicationContext.java:987)
	at org.springframework.context.support.AbstractApplicationContext.refresh(AbstractApplicationContext.java:627)
	at org.springframework.boot.web.servlet.context.ServletWebServerApplicationContext.refresh(ServletWebServerApplicationContext.java:146)
	at org.springframework.boot.SpringApplication.refresh(SpringApplication.java:752)
	at org.springframework.boot.SpringApplication.refreshContext(SpringApplication.java:439)
	at org.springframework.boot.SpringApplication.run(SpringApplication.java:318)
	at com.example.employee.staff.config.StaffApplication.main(StaffApplication.java:19)
	at java.base/jdk.internal.reflect.NativeMethodAccessorImpl.invoke0(Native Method)
	at java.base/jdk.internal.reflect.NativeMethodAccessorImpl.invoke(NativeMethodAccessorImpl.java:77)
	at java.base/jdk.internal.reflect.DelegatingMethodAccessorImpl.invoke(DelegatingMethodAccessorImpl.java:43)
	at java.base/java.lang.reflect.Method.invoke(Method.java:568)
	at org.springframework.boot.devtools.restart.RestartLauncher.run(RestartLauncher.java:50)
Caused by: org.springframework.beans.factory.UnsatisfiedDependencyException: Error creating bean with name 'attendanceService': Unsatisfied dependency expressed through field 'attendanceRecordsMapper': Error creating bean with name 'attendanceRecordsMapper' defined in file [D:\Java\springbootProject\employee\staff\target\classes\com\example\employee\staff\mapper\AttendanceRecordsMapper.class]: Unsatisfied dependency expressed through bean property 'sqlSessionFactory': Error creating bean with name 'sqlSessionFactory' defined in class path resource [org/mybatis/spring/boot/autoconfigure/MybatisAutoConfiguration.class]: Failed to instantiate [org.apache.ibatis.session.SqlSessionFactory]: Factory method 'sqlSessionFactory' threw exception with message: Failed to parse mapping resource: 'file [D:\Java\springbootProject\employee\staff\target\classes\mapper\AttendanceRecordsMapper.xml]'
	at org.springframework.beans.factory.annotation.AutowiredAnnotationBeanPostProcessor$AutowiredFieldElement.resolveFieldValue(AutowiredAnnotationBeanPostProcessor.java:788)
	at org.springframework.beans.factory.annotation.AutowiredAnnotationBeanPostProcessor$AutowiredFieldElement.inject(AutowiredAnnotationBeanPostProcessor.java:768)
	at org.springframework.beans.factory.annotation.InjectionMetadata.inject(InjectionMetadata.java:146)
	at org.springframework.beans.factory.annotation.AutowiredAnnotationBeanPostProcessor.postProcessProperties(AutowiredAnnotationBeanPostProcessor.java:509)
	at org.springframework.beans.factory.support.AbstractAutowireCapableBeanFactory.populateBean(AbstractAutowireCapableBeanFactory.java:1459)
	at org.springframework.beans.factory.support.AbstractAutowireCapableBeanFactory.doCreateBean(AbstractAutowireCapableBeanFactory.java:606)
	at org.springframework.beans.factory.support.AbstractAutowireCapableBeanFactory.createBean(AbstractAutowireCapableBeanFactory.java:529)
	at org.springframework.beans.factory.support.AbstractBeanFactory.lambda$doGetBean$0(AbstractBeanFactory.java:339)
	at org.springframework.beans.factory.support.DefaultSingletonBeanRegistry.getSingleton(DefaultSingletonBeanRegistry.java:373)
	at org.springframework.beans.factory.support.AbstractBeanFactory.doGetBean(AbstractBeanFactory.java:337)
	at org.springframework.beans.factory.support.AbstractBeanFactory.getBean(AbstractBeanFactory.java:202)
	at org.springframework.beans.factory.support.DefaultListableBeanFactory.doResolveDependency(DefaultListableBeanFactory.java:1683)
	at org.springframework.beans.factory.support.DefaultListableBeanFactory.resolveDependency(DefaultListableBeanFactory.java:1628)
	at org.springframework.beans.factory.annotation.AutowiredAnnotationBeanPostProcessor$AutowiredFieldElement.resolveFieldValue(AutowiredAnnotationBeanPostProcessor.java:785)
	... 25 common frames omitted
Caused by: org.springframework.beans.factory.UnsatisfiedDependencyException: Error creating bean with name 'attendanceRecordsMapper' defined in file [D:\Java\springbootProject\employee\staff\target\classes\com\example\employee\staff\mapper\AttendanceRecordsMapper.class]: Unsatisfied dependency expressed through bean property 'sqlSessionFactory': Error creating bean with name 'sqlSessionFactory' defined in class path resource [org/mybatis/spring/boot/autoconfigure/MybatisAutoConfiguration.class]: Failed to instantiate [org.apache.ibatis.session.SqlSessionFactory]: Factory method 'sqlSessionFactory' threw exception with message: Failed to parse mapping resource: 'file [D:\Java\springbootProject\employee\staff\target\classes\mapper\AttendanceRecordsMapper.xml]'
	at org.springframework.beans.factory.support.AbstractAutowireCapableBeanFactory.autowireByType(AbstractAutowireCapableBeanFactory.java:1556)
	at org.springframework.beans.factory.support.AbstractAutowireCapableBeanFactory.populateBean(AbstractAutowireCapableBeanFactory.java:1450)
	at org.springframework.beans.factory.support.AbstractAutowireCapableBeanFactory.doCreateBean(AbstractAutowireCapableBeanFactory.java:606)
	at org.springframework.beans.factory.support.AbstractAutowireCapableBeanFactory.createBean(AbstractAutowireCapableBeanFactory.java:529)
	at org.springframework.beans.factory.support.AbstractBeanFactory.lambda$doGetBean$0(AbstractBeanFactory.java:339)
	at org.springframework.beans.factory.support.DefaultSingletonBeanRegistry.getSingleton(DefaultSingletonBeanRegistry.java:373)
	at org.springframework.beans.factory.support.AbstractBeanFactory.doGetBean(AbstractBeanFactory.java:337)
	at org.springframework.beans.factory.support.AbstractBeanFactory.getBean(AbstractBeanFactory.java:202)
	at org.springframework.beans.factory.support.DefaultListableBeanFactory.doResolveDependency(DefaultListableBeanFactory.java:1683)
	at org.springframework.beans.factory.support.DefaultListableBeanFactory.resolveDependency(DefaultListableBeanFactory.java:1628)
	at org.springframework.beans.factory.annotation.AutowiredAnnotationBeanPostProcessor$AutowiredFieldElement.resolveFieldValue(AutowiredAnnotationBeanPostProcessor.java:785)
	... 38 common frames omitted
Caused by: org.springframework.beans.factory.BeanCreationException: Error creating bean with name 'sqlSessionFactory' defined in class path resource [org/mybatis/spring/boot/autoconfigure/MybatisAutoConfiguration.class]: Failed to instantiate [org.apache.ibatis.session.SqlSessionFactory]: Factory method 'sqlSessionFactory' threw exception with message: Failed to parse mapping resource: 'file [D:\Java\springbootProject\employee\staff\target\classes\mapper\AttendanceRecordsMapper.xml]'
	at org.springframework.beans.factory.support.ConstructorResolver.instantiate(ConstructorResolver.java:657)
	at org.springframework.beans.factory.support.ConstructorResolver.instantiateUsingFactoryMethod(ConstructorResolver.java:645)
	at org.springframework.beans.factory.support.AbstractAutowireCapableBeanFactory.instantiateUsingFactoryMethod(AbstractAutowireCapableBeanFactory.java:1375)
	at org.springframework.beans.factory.support.AbstractAutowireCapableBeanFactory.createBeanInstance(AbstractAutowireCapableBeanFactory.java:1205)
	at org.springframework.beans.factory.support.AbstractAutowireCapableBeanFactory.doCreateBean(AbstractAutowireCapableBeanFactory.java:569)
	at org.springframework.beans.factory.support.AbstractAutowireCapableBeanFactory.createBean(AbstractAutowireCapableBeanFactory.java:529)
	at org.springframework.beans.factory.support.AbstractBeanFactory.lambda$doGetBean$0(AbstractBeanFactory.java:339)
	at org.springframework.beans.factory.support.DefaultSingletonBeanRegistry.getSingleton(DefaultSingletonBeanRegistry.java:373)
	at org.springframework.beans.factory.support.AbstractBeanFactory.doGetBean(AbstractBeanFactory.java:337)
	at org.springframework.beans.factory.support.AbstractBeanFactory.getBean(AbstractBeanFactory.java:202)
	at org.springframework.beans.factory.config.DependencyDescriptor.resolveCandidate(DependencyDescriptor.java:254)
	at org.springframework.beans.factory.support.DefaultListableBeanFactory.doResolveDependency(DefaultListableBeanFactory.java:1745)
	at org.springframework.beans.factory.support.DefaultListableBeanFactory.resolveDependency(DefaultListableBeanFactory.java:1628)
	at org.springframework.beans.factory.support.AbstractAutowireCapableBeanFactory.autowireByType(AbstractAutowireCapableBeanFactory.java:1541)
	... 48 common frames omitted
Caused by: org.springframework.beans.BeanInstantiationException: Failed to instantiate [org.apache.ibatis.session.SqlSessionFactory]: Factory method 'sqlSessionFactory' threw exception with message: Failed to parse mapping resource: 'file [D:\Java\springbootProject\employee\staff\target\classes\mapper\AttendanceRecordsMapper.xml]'
	at org.springframework.beans.factory.support.SimpleInstantiationStrategy.lambda$instantiate$0(SimpleInstantiationStrategy.java:200)
	at org.springframework.beans.factory.support.SimpleInstantiationStrategy.instantiateWithFactoryMethod(SimpleInstantiationStrategy.java:89)
	at org.springframework.beans.factory.support.SimpleInstantiationStrategy.instantiate(SimpleInstantiationStrategy.java:169)
	at org.springframework.beans.factory.support.ConstructorResolver.instantiate(ConstructorResolver.java:653)
	... 61 common frames omitted
Caused by: java.io.IOException: Failed to parse mapping resource: 'file [D:\Java\springbootProject\employee\staff\target\classes\mapper\AttendanceRecordsMapper.xml]'
	at org.mybatis.spring.SqlSessionFactoryBean.buildSqlSessionFactory(SqlSessionFactoryBean.java:700)
	at org.mybatis.spring.SqlSessionFactoryBean.afterPropertiesSet(SqlSessionFactoryBean.java:577)
	at org.mybatis.spring.SqlSessionFactoryBean.getObject(SqlSessionFactoryBean.java:720)
	at org.mybatis.spring.boot.autoconfigure.MybatisAutoConfiguration.sqlSessionFactory(MybatisAutoConfiguration.java:189)
	at java.base/jdk.internal.reflect.NativeMethodAccessorImpl.invoke0(Native Method)
	at java.base/jdk.internal.reflect.NativeMethodAccessorImpl.invoke(NativeMethodAccessorImpl.java:77)
	at java.base/jdk.internal.reflect.DelegatingMethodAccessorImpl.invoke(DelegatingMethodAccessorImpl.java:43)
	at java.base/java.lang.reflect.Method.invoke(Method.java:568)
	at org.springframework.beans.factory.support.SimpleInstantiationStrategy.lambda$instantiate$0(SimpleInstantiationStrategy.java:172)
	... 64 common frames omitted
Caused by: org.apache.ibatis.builder.BuilderException: Error parsing Mapper XML. The XML location is 'file [D:\Java\springbootProject\employee\staff\target\classes\mapper\AttendanceRecordsMapper.xml]'. Cause: org.apache.ibatis.builder.BuilderException: Error resolving class. Cause: org.apache.ibatis.type.TypeException: Could not resolve type alias 'com.example.employee.manager.employee.staff.domain.AttendanceRecords'.  Cause: java.lang.ClassNotFoundException: Cannot find class: com.example.employee.manager.employee.staff.domain.AttendanceRecords
	at org.apache.ibatis.builder.xml.XMLMapperBuilder.configurationElement(XMLMapperBuilder.java:127)
	at org.apache.ibatis.builder.xml.XMLMapperBuilder.parse(XMLMapperBuilder.java:100)
	at org.mybatis.spring.SqlSessionFactoryBean.buildSqlSessionFactory(SqlSessionFactoryBean.java:698)
	... 72 common frames omitted
Caused by: org.apache.ibatis.builder.BuilderException: Error resolving class. Cause: org.apache.ibatis.type.TypeException: Could not resolve type alias 'com.example.employee.manager.employee.staff.domain.AttendanceRecords'.  Cause: java.lang.ClassNotFoundException: Cannot find class: com.example.employee.manager.employee.staff.domain.AttendanceRecords
	at org.apache.ibatis.builder.BaseBuilder.resolveClass(BaseBuilder.java:103)
	at org.apache.ibatis.builder.xml.XMLMapperBuilder.resultMapElement(XMLMapperBuilder.java:269)
	at org.apache.ibatis.builder.xml.XMLMapperBuilder.resultMapElement(XMLMapperBuilder.java:261)
	at org.apache.ibatis.builder.xml.XMLMapperBuilder.resultMapElements(XMLMapperBuilder.java:253)
	at org.apache.ibatis.builder.xml.XMLMapperBuilder.configurationElement(XMLMapperBuilder.java:123)
	... 74 common frames omitted
Caused by: org.apache.ibatis.type.TypeException: Could not resolve type alias 'com.example.employee.manager.employee.staff.domain.AttendanceRecords'.  Cause: java.lang.ClassNotFoundException: Cannot find class: com.example.employee.manager.employee.staff.domain.AttendanceRecords
	at org.apache.ibatis.type.TypeAliasRegistry.resolveAlias(TypeAliasRegistry.java:128)
	at org.apache.ibatis.builder.BaseBuilder.resolveAlias(BaseBuilder.java:132)
	at org.apache.ibatis.builder.BaseBuilder.resolveClass(BaseBuilder.java:101)
	... 78 common frames omitted
Caused by: java.lang.ClassNotFoundException: Cannot find class: com.example.employee.manager.employee.staff.domain.AttendanceRecords
	at org.apache.ibatis.io.ClassLoaderWrapper.classForName(ClassLoaderWrapper.java:226)
	at org.apache.ibatis.io.ClassLoaderWrapper.classForName(ClassLoaderWrapper.java:103)
	at org.apache.ibatis.io.Resources.classForName(Resources.java:322)
	at org.apache.ibatis.type.TypeAliasRegistry.resolveAlias(TypeAliasRegistry.java:124)
	... 80 common frames omitted
2026-01-25 21:14:43.199 [restartedMain] INFO  c.example.employee.staff.config.StaffApplication [] - Starting StaffApplication using Java 17.0.11 with PID 27492 (D:\Java\springbootProject\employee\staff\target\classes started by lenovo in D:\Java\springbootProject\employee)
2026-01-25 21:14:43.199 [restartedMain] INFO  c.example.employee.staff.config.StaffApplication [] - No active profile set, falling back to 1 default profile: "default"
2026-01-25 21:14:43.383 [restartedMain] INFO  o.springframework.cloud.context.scope.GenericScope [] - BeanFactory id=db56928c-007b-3d43-90ef-5e12f20227b1
2026-01-25 21:14:43.446 [restartedMain] INFO  o.s.boot.web.embedded.tomcat.TomcatWebServer [] - Tomcat initialized with port 8001 (http)
2026-01-25 21:14:43.447 [restartedMain] INFO  org.apache.coyote.http11.Http11NioProtocol [] - Initializing ProtocolHandler ["http-nio-8001"]
2026-01-25 21:14:43.448 [restartedMain] INFO  org.apache.catalina.core.StandardService [] - Starting service [Tomcat]
2026-01-25 21:14:43.448 [restartedMain] INFO  org.apache.catalina.core.StandardEngine [] - Starting Servlet engine: [Apache Tomcat/10.1.43]
2026-01-25 21:14:43.483 [restartedMain] INFO  o.a.c.c.C.[Tomcat-1].[localhost].[/staff] [] - Initializing Spring embedded WebApplicationContext
2026-01-25 21:14:43.483 [restartedMain] INFO  o.s.b.w.s.c.ServletWebServerApplicationContext [] - Root WebApplicationContext: initialization completed in 282 ms
2026-01-25 21:14:43.517 [restartedMain] WARN  o.s.b.w.s.c.AnnotationConfigServletWebServerApplicationContext [] - Exception encountered during context initialization - cancelling refresh attempt: org.springframework.beans.factory.UnsatisfiedDependencyException: Error creating bean with name 'attendanceController': Unsatisfied dependency expressed through field 'attendanceService': Error creating bean with name 'attendanceService': Unsatisfied dependency expressed through field 'attendanceRecordsMapper': Error creating bean with name 'attendanceRecordsMapper' defined in file [D:\Java\springbootProject\employee\staff\target\classes\com\example\employee\staff\mapper\AttendanceRecordsMapper.class]: Unsatisfied dependency expressed through bean property 'sqlSessionFactory': Error creating bean with name 'sqlSessionFactory' defined in class path resource [org/mybatis/spring/boot/autoconfigure/MybatisAutoConfiguration.class]: Failed to instantiate [org.apache.ibatis.session.SqlSessionFactory]: Factory method 'sqlSessionFactory' threw exception with message: Failed to parse mapping resource: 'file [D:\Java\springbootProject\employee\staff\target\classes\mapper\AttendanceRecordsMapper.xml]'
2026-01-25 21:14:43.517 [restartedMain] INFO  org.apache.catalina.core.StandardService [] - Stopping service [Tomcat]
2026-01-25 21:14:43.521 [restartedMain] INFO  o.s.b.a.logging.ConditionEvaluationReportLogger [] - 

Error starting ApplicationContext. To display the condition evaluation report re-run your application with 'debug' enabled.
2026-01-25 21:14:43.524 [restartedMain] ERROR org.springframework.boot.SpringApplication [] - Application run failed
org.springframework.beans.factory.UnsatisfiedDependencyException: Error creating bean with name 'attendanceController': Unsatisfied dependency expressed through field 'attendanceService': Error creating bean with name 'attendanceService': Unsatisfied dependency expressed through field 'attendanceRecordsMapper': Error creating bean with name 'attendanceRecordsMapper' defined in file [D:\Java\springbootProject\employee\staff\target\classes\com\example\employee\staff\mapper\AttendanceRecordsMapper.class]: Unsatisfied dependency expressed through bean property 'sqlSessionFactory': Error creating bean with name 'sqlSessionFactory' defined in class path resource [org/mybatis/spring/boot/autoconfigure/MybatisAutoConfiguration.class]: Failed to instantiate [org.apache.ibatis.session.SqlSessionFactory]: Factory method 'sqlSessionFactory' threw exception with message: Failed to parse mapping resource: 'file [D:\Java\springbootProject\employee\staff\target\classes\mapper\AttendanceRecordsMapper.xml]'
	at org.springframework.beans.factory.annotation.AutowiredAnnotationBeanPostProcessor$AutowiredFieldElement.resolveFieldValue(AutowiredAnnotationBeanPostProcessor.java:788)
	at org.springframework.beans.factory.annotation.AutowiredAnnotationBeanPostProcessor$AutowiredFieldElement.inject(AutowiredAnnotationBeanPostProcessor.java:768)
	at org.springframework.beans.factory.annotation.InjectionMetadata.inject(InjectionMetadata.java:146)
	at org.springframework.beans.factory.annotation.AutowiredAnnotationBeanPostProcessor.postProcessProperties(AutowiredAnnotationBeanPostProcessor.java:509)
	at org.springframework.beans.factory.support.AbstractAutowireCapableBeanFactory.populateBean(AbstractAutowireCapableBeanFactory.java:1459)
	at org.springframework.beans.factory.support.AbstractAutowireCapableBeanFactory.doCreateBean(AbstractAutowireCapableBeanFactory.java:606)
	at org.springframework.beans.factory.support.AbstractAutowireCapableBeanFactory.createBean(AbstractAutowireCapableBeanFactory.java:529)
	at org.springframework.beans.factory.support.AbstractBeanFactory.lambda$doGetBean$0(AbstractBeanFactory.java:339)
	at org.springframework.beans.factory.support.DefaultSingletonBeanRegistry.getSingleton(DefaultSingletonBeanRegistry.java:373)
	at org.springframework.beans.factory.support.AbstractBeanFactory.doGetBean(AbstractBeanFactory.java:337)
	at org.springframework.beans.factory.support.AbstractBeanFactory.getBean(AbstractBeanFactory.java:202)
	at org.springframework.beans.factory.support.DefaultListableBeanFactory.instantiateSingleton(DefaultListableBeanFactory.java:1222)
	at org.springframework.beans.factory.support.DefaultListableBeanFactory.preInstantiateSingleton(DefaultListableBeanFactory.java:1188)
	at org.springframework.beans.factory.support.DefaultListableBeanFactory.preInstantiateSingletons(DefaultListableBeanFactory.java:1123)
	at org.springframework.context.support.AbstractApplicationContext.finishBeanFactoryInitialization(AbstractApplicationContext.java:987)
	at org.springframework.context.support.AbstractApplicationContext.refresh(AbstractApplicationContext.java:627)
	at org.springframework.boot.web.servlet.context.ServletWebServerApplicationContext.refresh(ServletWebServerApplicationContext.java:146)
	at org.springframework.boot.SpringApplication.refresh(SpringApplication.java:752)
	at org.springframework.boot.SpringApplication.refreshContext(SpringApplication.java:439)
	at org.springframework.boot.SpringApplication.run(SpringApplication.java:318)
	at com.example.employee.staff.config.StaffApplication.main(StaffApplication.java:19)
	at java.base/jdk.internal.reflect.NativeMethodAccessorImpl.invoke0(Native Method)
	at java.base/jdk.internal.reflect.NativeMethodAccessorImpl.invoke(NativeMethodAccessorImpl.java:77)
	at java.base/jdk.internal.reflect.DelegatingMethodAccessorImpl.invoke(DelegatingMethodAccessorImpl.java:43)
	at java.base/java.lang.reflect.Method.invoke(Method.java:568)
	at org.springframework.boot.devtools.restart.RestartLauncher.run(RestartLauncher.java:50)
Caused by: org.springframework.beans.factory.UnsatisfiedDependencyException: Error creating bean with name 'attendanceService': Unsatisfied dependency expressed through field 'attendanceRecordsMapper': Error creating bean with name 'attendanceRecordsMapper' defined in file [D:\Java\springbootProject\employee\staff\target\classes\com\example\employee\staff\mapper\AttendanceRecordsMapper.class]: Unsatisfied dependency expressed through bean property 'sqlSessionFactory': Error creating bean with name 'sqlSessionFactory' defined in class path resource [org/mybatis/spring/boot/autoconfigure/MybatisAutoConfiguration.class]: Failed to instantiate [org.apache.ibatis.session.SqlSessionFactory]: Factory method 'sqlSessionFactory' threw exception with message: Failed to parse mapping resource: 'file [D:\Java\springbootProject\employee\staff\target\classes\mapper\AttendanceRecordsMapper.xml]'
	at org.springframework.beans.factory.annotation.AutowiredAnnotationBeanPostProcessor$AutowiredFieldElement.resolveFieldValue(AutowiredAnnotationBeanPostProcessor.java:788)
	at org.springframework.beans.factory.annotation.AutowiredAnnotationBeanPostProcessor$AutowiredFieldElement.inject(AutowiredAnnotationBeanPostProcessor.java:768)
	at org.springframework.beans.factory.annotation.InjectionMetadata.inject(InjectionMetadata.java:146)
	at org.springframework.beans.factory.annotation.AutowiredAnnotationBeanPostProcessor.postProcessProperties(AutowiredAnnotationBeanPostProcessor.java:509)
	at org.springframework.beans.factory.support.AbstractAutowireCapableBeanFactory.populateBean(AbstractAutowireCapableBeanFactory.java:1459)
	at org.springframework.beans.factory.support.AbstractAutowireCapableBeanFactory.doCreateBean(AbstractAutowireCapableBeanFactory.java:606)
	at org.springframework.beans.factory.support.AbstractAutowireCapableBeanFactory.createBean(AbstractAutowireCapableBeanFactory.java:529)
	at org.springframework.beans.factory.support.AbstractBeanFactory.lambda$doGetBean$0(AbstractBeanFactory.java:339)
	at org.springframework.beans.factory.support.DefaultSingletonBeanRegistry.getSingleton(DefaultSingletonBeanRegistry.java:373)
	at org.springframework.beans.factory.support.AbstractBeanFactory.doGetBean(AbstractBeanFactory.java:337)
	at org.springframework.beans.factory.support.AbstractBeanFactory.getBean(AbstractBeanFactory.java:202)
	at org.springframework.beans.factory.support.DefaultListableBeanFactory.doResolveDependency(DefaultListableBeanFactory.java:1683)
	at org.springframework.beans.factory.support.DefaultListableBeanFactory.resolveDependency(DefaultListableBeanFactory.java:1628)
	at org.springframework.beans.factory.annotation.AutowiredAnnotationBeanPostProcessor$AutowiredFieldElement.resolveFieldValue(AutowiredAnnotationBeanPostProcessor.java:785)
	... 25 common frames omitted
Caused by: org.springframework.beans.factory.UnsatisfiedDependencyException: Error creating bean with name 'attendanceRecordsMapper' defined in file [D:\Java\springbootProject\employee\staff\target\classes\com\example\employee\staff\mapper\AttendanceRecordsMapper.class]: Unsatisfied dependency expressed through bean property 'sqlSessionFactory': Error creating bean with name 'sqlSessionFactory' defined in class path resource [org/mybatis/spring/boot/autoconfigure/MybatisAutoConfiguration.class]: Failed to instantiate [org.apache.ibatis.session.SqlSessionFactory]: Factory method 'sqlSessionFactory' threw exception with message: Failed to parse mapping resource: 'file [D:\Java\springbootProject\employee\staff\target\classes\mapper\AttendanceRecordsMapper.xml]'
	at org.springframework.beans.factory.support.AbstractAutowireCapableBeanFactory.autowireByType(AbstractAutowireCapableBeanFactory.java:1556)
	at org.springframework.beans.factory.support.AbstractAutowireCapableBeanFactory.populateBean(AbstractAutowireCapableBeanFactory.java:1450)
	at org.springframework.beans.factory.support.AbstractAutowireCapableBeanFactory.doCreateBean(AbstractAutowireCapableBeanFactory.java:606)
	at org.springframework.beans.factory.support.AbstractAutowireCapableBeanFactory.createBean(AbstractAutowireCapableBeanFactory.java:529)
	at org.springframework.beans.factory.support.AbstractBeanFactory.lambda$doGetBean$0(AbstractBeanFactory.java:339)
	at org.springframework.beans.factory.support.DefaultSingletonBeanRegistry.getSingleton(DefaultSingletonBeanRegistry.java:373)
	at org.springframework.beans.factory.support.AbstractBeanFactory.doGetBean(AbstractBeanFactory.java:337)
	at org.springframework.beans.factory.support.AbstractBeanFactory.getBean(AbstractBeanFactory.java:202)
	at org.springframework.beans.factory.support.DefaultListableBeanFactory.doResolveDependency(DefaultListableBeanFactory.java:1683)
	at org.springframework.beans.factory.support.DefaultListableBeanFactory.resolveDependency(DefaultListableBeanFactory.java:1628)
	at org.springframework.beans.factory.annotation.AutowiredAnnotationBeanPostProcessor$AutowiredFieldElement.resolveFieldValue(AutowiredAnnotationBeanPostProcessor.java:785)
	... 38 common frames omitted
Caused by: org.springframework.beans.factory.BeanCreationException: Error creating bean with name 'sqlSessionFactory' defined in class path resource [org/mybatis/spring/boot/autoconfigure/MybatisAutoConfiguration.class]: Failed to instantiate [org.apache.ibatis.session.SqlSessionFactory]: Factory method 'sqlSessionFactory' threw exception with message: Failed to parse mapping resource: 'file [D:\Java\springbootProject\employee\staff\target\classes\mapper\AttendanceRecordsMapper.xml]'
	at org.springframework.beans.factory.support.ConstructorResolver.instantiate(ConstructorResolver.java:657)
	at org.springframework.beans.factory.support.ConstructorResolver.instantiateUsingFactoryMethod(ConstructorResolver.java:645)
	at org.springframework.beans.factory.support.AbstractAutowireCapableBeanFactory.instantiateUsingFactoryMethod(AbstractAutowireCapableBeanFactory.java:1375)
	at org.springframework.beans.factory.support.AbstractAutowireCapableBeanFactory.createBeanInstance(AbstractAutowireCapableBeanFactory.java:1205)
	at org.springframework.beans.factory.support.AbstractAutowireCapableBeanFactory.doCreateBean(AbstractAutowireCapableBeanFactory.java:569)
	at org.springframework.beans.factory.support.AbstractAutowireCapableBeanFactory.createBean(AbstractAutowireCapableBeanFactory.java:529)
	at org.springframework.beans.factory.support.AbstractBeanFactory.lambda$doGetBean$0(AbstractBeanFactory.java:339)
	at org.springframework.beans.factory.support.DefaultSingletonBeanRegistry.getSingleton(DefaultSingletonBeanRegistry.java:373)
	at org.springframework.beans.factory.support.AbstractBeanFactory.doGetBean(AbstractBeanFactory.java:337)
	at org.springframework.beans.factory.support.AbstractBeanFactory.getBean(AbstractBeanFactory.java:202)
	at org.springframework.beans.factory.config.DependencyDescriptor.resolveCandidate(DependencyDescriptor.java:254)
	at org.springframework.beans.factory.support.DefaultListableBeanFactory.doResolveDependency(DefaultListableBeanFactory.java:1745)
	at org.springframework.beans.factory.support.DefaultListableBeanFactory.resolveDependency(DefaultListableBeanFactory.java:1628)
	at org.springframework.beans.factory.support.AbstractAutowireCapableBeanFactory.autowireByType(AbstractAutowireCapableBeanFactory.java:1541)
	... 48 common frames omitted
Caused by: org.springframework.beans.BeanInstantiationException: Failed to instantiate [org.apache.ibatis.session.SqlSessionFactory]: Factory method 'sqlSessionFactory' threw exception with message: Failed to parse mapping resource: 'file [D:\Java\springbootProject\employee\staff\target\classes\mapper\AttendanceRecordsMapper.xml]'
	at org.springframework.beans.factory.support.SimpleInstantiationStrategy.lambda$instantiate$0(SimpleInstantiationStrategy.java:200)
	at org.springframework.beans.factory.support.SimpleInstantiationStrategy.instantiateWithFactoryMethod(SimpleInstantiationStrategy.java:89)
	at org.springframework.beans.factory.support.SimpleInstantiationStrategy.instantiate(SimpleInstantiationStrategy.java:169)
	at org.springframework.beans.factory.support.ConstructorResolver.instantiate(ConstructorResolver.java:653)
	... 61 common frames omitted
Caused by: java.io.IOException: Failed to parse mapping resource: 'file [D:\Java\springbootProject\employee\staff\target\classes\mapper\AttendanceRecordsMapper.xml]'
	at org.mybatis.spring.SqlSessionFactoryBean.buildSqlSessionFactory(SqlSessionFactoryBean.java:700)
	at org.mybatis.spring.SqlSessionFactoryBean.afterPropertiesSet(SqlSessionFactoryBean.java:577)
	at org.mybatis.spring.SqlSessionFactoryBean.getObject(SqlSessionFactoryBean.java:720)
	at org.mybatis.spring.boot.autoconfigure.MybatisAutoConfiguration.sqlSessionFactory(MybatisAutoConfiguration.java:189)
	at java.base/jdk.internal.reflect.NativeMethodAccessorImpl.invoke0(Native Method)
	at java.base/jdk.internal.reflect.NativeMethodAccessorImpl.invoke(NativeMethodAccessorImpl.java:77)
	at java.base/jdk.internal.reflect.DelegatingMethodAccessorImpl.invoke(DelegatingMethodAccessorImpl.java:43)
	at java.base/java.lang.reflect.Method.invoke(Method.java:568)
	at org.springframework.beans.factory.support.SimpleInstantiationStrategy.lambda$instantiate$0(SimpleInstantiationStrategy.java:172)
	... 64 common frames omitted
Caused by: org.apache.ibatis.builder.BuilderException: Error parsing Mapper XML. The XML location is 'file [D:\Java\springbootProject\employee\staff\target\classes\mapper\AttendanceRecordsMapper.xml]'. Cause: org.apache.ibatis.builder.BuilderException: Error resolving class. Cause: org.apache.ibatis.type.TypeException: Could not resolve type alias 'com.example.employee.manager.employee.staff.domain.AttendanceRecords'.  Cause: java.lang.ClassNotFoundException: Cannot find class: com.example.employee.manager.employee.staff.domain.AttendanceRecords
	at org.apache.ibatis.builder.xml.XMLMapperBuilder.configurationElement(XMLMapperBuilder.java:127)
	at org.apache.ibatis.builder.xml.XMLMapperBuilder.parse(XMLMapperBuilder.java:100)
	at org.mybatis.spring.SqlSessionFactoryBean.buildSqlSessionFactory(SqlSessionFactoryBean.java:698)
	... 72 common frames omitted
Caused by: org.apache.ibatis.builder.BuilderException: Error resolving class. Cause: org.apache.ibatis.type.TypeException: Could not resolve type alias 'com.example.employee.manager.employee.staff.domain.AttendanceRecords'.  Cause: java.lang.ClassNotFoundException: Cannot find class: com.example.employee.manager.employee.staff.domain.AttendanceRecords
	at org.apache.ibatis.builder.BaseBuilder.resolveClass(BaseBuilder.java:103)
	at org.apache.ibatis.builder.xml.XMLMapperBuilder.resultMapElement(XMLMapperBuilder.java:269)
	at org.apache.ibatis.builder.xml.XMLMapperBuilder.resultMapElement(XMLMapperBuilder.java:261)
	at org.apache.ibatis.builder.xml.XMLMapperBuilder.resultMapElements(XMLMapperBuilder.java:253)
	at org.apache.ibatis.builder.xml.XMLMapperBuilder.configurationElement(XMLMapperBuilder.java:123)
	... 74 common frames omitted
Caused by: org.apache.ibatis.type.TypeException: Could not resolve type alias 'com.example.employee.manager.employee.staff.domain.AttendanceRecords'.  Cause: java.lang.ClassNotFoundException: Cannot find class: com.example.employee.manager.employee.staff.domain.AttendanceRecords
	at org.apache.ibatis.type.TypeAliasRegistry.resolveAlias(TypeAliasRegistry.java:128)
	at org.apache.ibatis.builder.BaseBuilder.resolveAlias(BaseBuilder.java:132)
	at org.apache.ibatis.builder.BaseBuilder.resolveClass(BaseBuilder.java:101)
	... 78 common frames omitted
Caused by: java.lang.ClassNotFoundException: Cannot find class: com.example.employee.manager.employee.staff.domain.AttendanceRecords
	at org.apache.ibatis.io.ClassLoaderWrapper.classForName(ClassLoaderWrapper.java:226)
	at org.apache.ibatis.io.ClassLoaderWrapper.classForName(ClassLoaderWrapper.java:103)
	at org.apache.ibatis.io.Resources.classForName(Resources.java:322)
	at org.apache.ibatis.type.TypeAliasRegistry.resolveAlias(TypeAliasRegistry.java:124)
	... 80 common frames omitted
2026-01-25 21:14:59.023 [restartedMain] INFO  c.example.employee.staff.config.StaffApplication [] - Starting StaffApplication using Java 17.0.11 with PID 27492 (D:\Java\springbootProject\employee\staff\target\classes started by lenovo in D:\Java\springbootProject\employee)
2026-01-25 21:14:59.024 [restartedMain] INFO  c.example.employee.staff.config.StaffApplication [] - No active profile set, falling back to 1 default profile: "default"
2026-01-25 21:14:59.087 [restartedMain] WARN  o.s.b.w.s.c.AnnotationConfigServletWebServerApplicationContext [] - Exception encountered during context initialization - cancelling refresh attempt: org.springframework.beans.factory.BeanDefinitionStoreException: Failed to parse configuration class [com.example.employee.staff.config.StaffApplication]
2026-01-25 21:14:59.093 [restartedMain] ERROR org.springframework.boot.SpringApplication [] - Application run failed
org.springframework.beans.factory.BeanDefinitionStoreException: Failed to parse configuration class [com.example.employee.staff.config.StaffApplication]
	at org.springframework.context.annotation.ConfigurationClassParser.parse(ConfigurationClassParser.java:194)
	at org.springframework.context.annotation.ConfigurationClassPostProcessor.processConfigBeanDefinitions(ConfigurationClassPostProcessor.java:418)
	at org.springframework.context.annotation.ConfigurationClassPostProcessor.postProcessBeanDefinitionRegistry(ConfigurationClassPostProcessor.java:290)
	at org.springframework.context.support.PostProcessorRegistrationDelegate.invokeBeanDefinitionRegistryPostProcessors(PostProcessorRegistrationDelegate.java:349)
	at org.springframework.context.support.PostProcessorRegistrationDelegate.invokeBeanFactoryPostProcessors(PostProcessorRegistrationDelegate.java:118)
	at org.springframework.context.support.AbstractApplicationContext.invokeBeanFactoryPostProcessors(AbstractApplicationContext.java:791)
	at org.springframework.context.support.AbstractApplicationContext.refresh(AbstractApplicationContext.java:609)
	at org.springframework.boot.web.servlet.context.ServletWebServerApplicationContext.refresh(ServletWebServerApplicationContext.java:146)
	at org.springframework.boot.SpringApplication.refresh(SpringApplication.java:752)
	at org.springframework.boot.SpringApplication.refreshContext(SpringApplication.java:439)
	at org.springframework.boot.SpringApplication.run(SpringApplication.java:318)
	at com.example.employee.staff.config.StaffApplication.main(StaffApplication.java:19)
	at java.base/jdk.internal.reflect.NativeMethodAccessorImpl.invoke0(Native Method)
	at java.base/jdk.internal.reflect.NativeMethodAccessorImpl.invoke(NativeMethodAccessorImpl.java:77)
	at java.base/jdk.internal.reflect.DelegatingMethodAccessorImpl.invoke(DelegatingMethodAccessorImpl.java:43)
	at java.base/java.lang.reflect.Method.invoke(Method.java:568)
	at org.springframework.boot.devtools.restart.RestartLauncher.run(RestartLauncher.java:50)
Caused by: org.springframework.context.annotation.ConflictingBeanDefinitionException: Annotation-specified bean name 'staffApplication' for bean class [com.example.employee.manager.employee.staff.config.StaffApplication] conflicts with existing, non-compatible bean definition of same name and class [com.example.employee.staff.config.StaffApplication]
	at org.springframework.context.annotation.ClassPathBeanDefinitionScanner.checkCandidate(ClassPathBeanDefinitionScanner.java:361)
	at org.springframework.context.annotation.ClassPathBeanDefinitionScanner.doScan(ClassPathBeanDefinitionScanner.java:288)
	at org.springframework.context.annotation.ComponentScanAnnotationParser.parse(ComponentScanAnnotationParser.java:128)
	at org.springframework.context.annotation.ConfigurationClassParser.doProcessConfigurationClass(ConfigurationClassParser.java:346)
	at org.springframework.context.annotation.ConfigurationClassParser.processConfigurationClass(ConfigurationClassParser.java:281)
	at org.springframework.context.annotation.ConfigurationClassParser.parse(ConfigurationClassParser.java:204)
	at org.springframework.context.annotation.ConfigurationClassParser.parse(ConfigurationClassParser.java:172)
	... 16 common frames omitted
2026-01-25 21:15:01.034 [restartedMain] INFO  c.example.employee.staff.config.StaffApplication [] - Starting StaffApplication using Java 17.0.11 with PID 27492 (D:\Java\springbootProject\employee\staff\target\classes started by lenovo in D:\Java\springbootProject\employee)
2026-01-25 21:15:01.034 [restartedMain] INFO  c.example.employee.staff.config.StaffApplication [] - No active profile set, falling back to 1 default profile: "default"
2026-01-25 21:15:01.067 [restartedMain] WARN  o.s.b.w.s.c.AnnotationConfigServletWebServerApplicationContext [] - Exception encountered during context initialization - cancelling refresh attempt: org.springframework.beans.factory.BeanDefinitionStoreException: Failed to parse configuration class [com.example.employee.staff.config.StaffApplication]
2026-01-25 21:15:01.072 [restartedMain] ERROR org.springframework.boot.SpringApplication [] - Application run failed
org.springframework.beans.factory.BeanDefinitionStoreException: Failed to parse configuration class [com.example.employee.staff.config.StaffApplication]
	at org.springframework.context.annotation.ConfigurationClassParser.parse(ConfigurationClassParser.java:194)
	at org.springframework.context.annotation.ConfigurationClassPostProcessor.processConfigBeanDefinitions(ConfigurationClassPostProcessor.java:418)
	at org.springframework.context.annotation.ConfigurationClassPostProcessor.postProcessBeanDefinitionRegistry(ConfigurationClassPostProcessor.java:290)
	at org.springframework.context.support.PostProcessorRegistrationDelegate.invokeBeanDefinitionRegistryPostProcessors(PostProcessorRegistrationDelegate.java:349)
	at org.springframework.context.support.PostProcessorRegistrationDelegate.invokeBeanFactoryPostProcessors(PostProcessorRegistrationDelegate.java:118)
	at org.springframework.context.support.AbstractApplicationContext.invokeBeanFactoryPostProcessors(AbstractApplicationContext.java:791)
	at org.springframework.context.support.AbstractApplicationContext.refresh(AbstractApplicationContext.java:609)
	at org.springframework.boot.web.servlet.context.ServletWebServerApplicationContext.refresh(ServletWebServerApplicationContext.java:146)
	at org.springframework.boot.SpringApplication.refresh(SpringApplication.java:752)
	at org.springframework.boot.SpringApplication.refreshContext(SpringApplication.java:439)
	at org.springframework.boot.SpringApplication.run(SpringApplication.java:318)
	at com.example.employee.staff.config.StaffApplication.main(StaffApplication.java:19)
	at java.base/jdk.internal.reflect.NativeMethodAccessorImpl.invoke0(Native Method)
	at java.base/jdk.internal.reflect.NativeMethodAccessorImpl.invoke(NativeMethodAccessorImpl.java:77)
	at java.base/jdk.internal.reflect.DelegatingMethodAccessorImpl.invoke(DelegatingMethodAccessorImpl.java:43)
	at java.base/java.lang.reflect.Method.invoke(Method.java:568)
	at org.springframework.boot.devtools.restart.RestartLauncher.run(RestartLauncher.java:50)
Caused by: org.springframework.context.annotation.ConflictingBeanDefinitionException: Annotation-specified bean name 'staffApplication' for bean class [com.example.employee.manager.employee.staff.config.StaffApplication] conflicts with existing, non-compatible bean definition of same name and class [com.example.employee.staff.config.StaffApplication]
	at org.springframework.context.annotation.ClassPathBeanDefinitionScanner.checkCandidate(ClassPathBeanDefinitionScanner.java:361)
	at org.springframework.context.annotation.ClassPathBeanDefinitionScanner.doScan(ClassPathBeanDefinitionScanner.java:288)
	at org.springframework.context.annotation.ComponentScanAnnotationParser.parse(ComponentScanAnnotationParser.java:128)
	at org.springframework.context.annotation.ConfigurationClassParser.doProcessConfigurationClass(ConfigurationClassParser.java:346)
	at org.springframework.context.annotation.ConfigurationClassParser.processConfigurationClass(ConfigurationClassParser.java:281)
	at org.springframework.context.annotation.ConfigurationClassParser.parse(ConfigurationClassParser.java:204)
	at org.springframework.context.annotation.ConfigurationClassParser.parse(ConfigurationClassParser.java:172)
	... 16 common frames omitted
2026-01-25 21:19:10.464 [restartedMain] INFO  c.example.employee.staff.config.StaffApplication [] - Starting StaffApplication using Java 17.0.11 with PID 27492 (D:\Java\springbootProject\employee\staff\target\classes started by lenovo in D:\Java\springbootProject\employee)
2026-01-25 21:19:10.464 [restartedMain] INFO  c.example.employee.staff.config.StaffApplication [] - No active profile set, falling back to 1 default profile: "default"
2026-01-25 21:19:10.494 [restartedMain] WARN  o.s.b.w.s.c.AnnotationConfigServletWebServerApplicationContext [] - Exception encountered during context initialization - cancelling refresh attempt: org.springframework.beans.factory.BeanDefinitionStoreException: Failed to parse configuration class [com.example.employee.staff.config.StaffApplication]
2026-01-25 21:19:10.498 [restartedMain] ERROR org.springframework.boot.SpringApplication [] - Application run failed
org.springframework.beans.factory.BeanDefinitionStoreException: Failed to parse configuration class [com.example.employee.staff.config.StaffApplication]
	at org.springframework.context.annotation.ConfigurationClassParser.parse(ConfigurationClassParser.java:194)
	at org.springframework.context.annotation.ConfigurationClassPostProcessor.processConfigBeanDefinitions(ConfigurationClassPostProcessor.java:418)
	at org.springframework.context.annotation.ConfigurationClassPostProcessor.postProcessBeanDefinitionRegistry(ConfigurationClassPostProcessor.java:290)
	at org.springframework.context.support.PostProcessorRegistrationDelegate.invokeBeanDefinitionRegistryPostProcessors(PostProcessorRegistrationDelegate.java:349)
	at org.springframework.context.support.PostProcessorRegistrationDelegate.invokeBeanFactoryPostProcessors(PostProcessorRegistrationDelegate.java:118)
	at org.springframework.context.support.AbstractApplicationContext.invokeBeanFactoryPostProcessors(AbstractApplicationContext.java:791)
	at org.springframework.context.support.AbstractApplicationContext.refresh(AbstractApplicationContext.java:609)
	at org.springframework.boot.web.servlet.context.ServletWebServerApplicationContext.refresh(ServletWebServerApplicationContext.java:146)
	at org.springframework.boot.SpringApplication.refresh(SpringApplication.java:752)
	at org.springframework.boot.SpringApplication.refreshContext(SpringApplication.java:439)
	at org.springframework.boot.SpringApplication.run(SpringApplication.java:318)
	at com.example.employee.staff.config.StaffApplication.main(StaffApplication.java:19)
	at java.base/jdk.internal.reflect.NativeMethodAccessorImpl.invoke0(Native Method)
	at java.base/jdk.internal.reflect.NativeMethodAccessorImpl.invoke(NativeMethodAccessorImpl.java:77)
	at java.base/jdk.internal.reflect.DelegatingMethodAccessorImpl.invoke(DelegatingMethodAccessorImpl.java:43)
	at java.base/java.lang.reflect.Method.invoke(Method.java:568)
	at org.springframework.boot.devtools.restart.RestartLauncher.run(RestartLauncher.java:50)
Caused by: org.springframework.context.annotation.ConflictingBeanDefinitionException: Annotation-specified bean name 'staffApplication' for bean class [com.example.employee.manager.employee.staff.config.StaffApplication] conflicts with existing, non-compatible bean definition of same name and class [com.example.employee.staff.config.StaffApplication]
	at org.springframework.context.annotation.ClassPathBeanDefinitionScanner.checkCandidate(ClassPathBeanDefinitionScanner.java:361)
	at org.springframework.context.annotation.ClassPathBeanDefinitionScanner.doScan(ClassPathBeanDefinitionScanner.java:288)
	at org.springframework.context.annotation.ComponentScanAnnotationParser.parse(ComponentScanAnnotationParser.java:128)
	at org.springframework.context.annotation.ConfigurationClassParser.doProcessConfigurationClass(ConfigurationClassParser.java:346)
	at org.springframework.context.annotation.ConfigurationClassParser.processConfigurationClass(ConfigurationClassParser.java:281)
	at org.springframework.context.annotation.ConfigurationClassParser.parse(ConfigurationClassParser.java:204)
	at org.springframework.context.annotation.ConfigurationClassParser.parse(ConfigurationClassParser.java:172)
	... 16 common frames omitted
