2025-07-28 17:36:26.134 [restartedMain] INFO  config.com.example.employee.staff.StaffApplication [] - Starting StaffApplication using Java 17.0.11 with PID 27128 (D:\Java\springbootProject\employee\employee\staff\target\classes started by lenovo in D:\Java\springbootProject\employee\employee)
2025-07-28 17:36:26.136 [restartedMain] INFO  config.com.example.employee.staff.StaffApplication [] - No active profile set, falling back to 1 default profile: "default"
2025-07-28 17:36:26.174 [restartedMain] INFO  o.s.b.d.env.DevToolsPropertyDefaultsPostProcessor [] - Devtools property defaults active! Set 'spring.devtools.add-properties' to 'false' to disable
2025-07-28 17:36:26.174 [restartedMain] INFO  o.s.b.d.env.DevToolsPropertyDefaultsPostProcessor [] - For additional web related logging consider setting the 'logging.level.web' property to 'DEBUG'
2025-07-28 17:36:26.742 [restartedMain] INFO  o.springframework.cloud.context.scope.GenericScope [] - BeanFactory id=62249537-61b2-3bc5-94b6-23aa23d41cc4
2025-07-28 17:36:27.065 [restartedMain] INFO  o.s.boot.web.embedded.tomcat.TomcatWebServer [] - Tomcat initialized with port 8001 (http)
2025-07-28 17:36:27.076 [restartedMain] INFO  org.apache.coyote.http11.Http11NioProtocol [] - Initializing ProtocolHandler ["http-nio-8001"]
2025-07-28 17:36:27.078 [restartedMain] INFO  org.apache.catalina.core.StandardService [] - Starting service [Tomcat]
2025-07-28 17:36:27.079 [restartedMain] INFO  org.apache.catalina.core.StandardEngine [] - Starting Servlet engine: [Apache Tomcat/10.1.43]
2025-07-28 17:36:27.149 [restartedMain] INFO  o.a.c.c.C.[Tomcat].[localhost].[/staff] [] - Initializing Spring embedded WebApplicationContext
2025-07-28 17:36:27.150 [restartedMain] INFO  o.s.b.w.s.c.ServletWebServerApplicationContext [] - Root WebApplicationContext: initialization completed in 975 ms
2025-07-28 17:36:27.469 [restartedMain] INFO  o.s.b.d.autoconfigure.OptionalLiveReloadServer [] - LiveReload server is running on port 35729
2025-07-28 17:36:27.879 [restartedMain] INFO  org.apache.coyote.http11.Http11NioProtocol [] - Starting ProtocolHandler ["http-nio-8001"]
2025-07-28 17:36:27.911 [restartedMain] INFO  o.s.boot.web.embedded.tomcat.TomcatWebServer [] - Tomcat started on port 8001 (http) with context path '/staff'
2025-07-28 17:36:28.315 [restartedMain] INFO  config.com.example.employee.staff.StaffApplication [] - Started StaffApplication in 2.98 seconds (process running for 4.101)
2025-07-28 17:36:28.319 [restartedMain] INFO  config.com.example.employee.staff.StaffApplication [] - 启动成功！！
2025-07-28 17:36:28.319 [restartedMain] INFO  config.com.example.employee.staff.StaffApplication [] - 地址: 	http://127.0.0.1:8001
2025-07-28 17:39:38.621 [File Watcher] INFO  o.s.b.d.a.LocalDevToolsAutoConfiguration$RestartingClassPathChangeChangedEventListener [] - Restarting due to 1 class path change (0 additions, 0 deletions, 1 modification)
2025-07-28 17:39:38.624 [Thread-6] INFO  o.s.boot.web.embedded.tomcat.GracefulShutdown [] - Commencing graceful shutdown. Waiting for active requests to complete
2025-07-28 17:39:38.625 [tomcat-shutdown] INFO  org.apache.coyote.http11.Http11NioProtocol [] - Pausing ProtocolHandler ["http-nio-8001"]
2025-07-28 17:39:39.207 [tomcat-shutdown] INFO  o.s.boot.web.embedded.tomcat.GracefulShutdown [] - Graceful shutdown complete
2025-07-28 17:39:39.208 [Thread-6] INFO  org.apache.coyote.http11.Http11NioProtocol [] - Stopping ProtocolHandler ["http-nio-8001"]
2025-07-28 17:39:39.539 [restartedMain] INFO  config.com.example.employee.staff.StaffApplication [] - Starting StaffApplication using Java 17.0.11 with PID 27128 (D:\Java\springbootProject\employee\employee\staff\target\classes started by lenovo in D:\Java\springbootProject\employee\employee)
2025-07-28 17:39:39.540 [restartedMain] INFO  config.com.example.employee.staff.StaffApplication [] - No active profile set, falling back to 1 default profile: "default"
2025-07-28 17:39:39.663 [restartedMain] INFO  o.springframework.cloud.context.scope.GenericScope [] - BeanFactory id=62249537-61b2-3bc5-94b6-23aa23d41cc4
2025-07-28 17:39:39.695 [restartedMain] INFO  o.s.boot.web.embedded.tomcat.TomcatWebServer [] - Tomcat initialized with port 8001 (http)
2025-07-28 17:39:39.695 [restartedMain] INFO  org.apache.coyote.http11.Http11NioProtocol [] - Initializing ProtocolHandler ["http-nio-8001"]
2025-07-28 17:39:39.696 [restartedMain] INFO  org.apache.catalina.core.StandardService [] - Starting service [Tomcat]
2025-07-28 17:39:39.696 [restartedMain] INFO  org.apache.catalina.core.StandardEngine [] - Starting Servlet engine: [Apache Tomcat/10.1.43]
2025-07-28 17:39:39.730 [restartedMain] INFO  o.a.c.c.C.[Tomcat].[localhost].[/staff] [] - Initializing Spring embedded WebApplicationContext
2025-07-28 17:39:39.730 [restartedMain] INFO  o.s.b.w.s.c.ServletWebServerApplicationContext [] - Root WebApplicationContext: initialization completed in 187 ms
2025-07-28 17:39:39.792 [restartedMain] INFO  o.s.b.d.autoconfigure.OptionalLiveReloadServer [] - LiveReload server is running on port 35729
2025-07-28 17:39:40.078 [restartedMain] INFO  org.apache.coyote.http11.Http11NioProtocol [] - Starting ProtocolHandler ["http-nio-8001"]
2025-07-28 17:39:40.082 [restartedMain] INFO  o.s.boot.web.embedded.tomcat.TomcatWebServer [] - Tomcat started on port 8001 (http) with context path '/staff'
2025-07-28 17:39:40.389 [restartedMain] INFO  config.com.example.employee.staff.StaffApplication [] - Started StaffApplication in 1.132 seconds (process running for 196.175)
2025-07-28 17:39:40.391 [restartedMain] INFO  o.s.b.d.a.ConditionEvaluationDeltaLoggingListener [] - Condition evaluation unchanged
2025-07-28 17:39:40.392 [restartedMain] INFO  config.com.example.employee.staff.StaffApplication [] - 启动成功！！
2025-07-28 17:39:40.392 [restartedMain] INFO  config.com.example.employee.staff.StaffApplication [] - 地址: 	http://127.0.0.1:8001//staff/hello
2025-07-28 17:39:52.742 [File Watcher] INFO  o.s.b.d.a.LocalDevToolsAutoConfiguration$RestartingClassPathChangeChangedEventListener [] - Restarting due to 1 class path change (0 additions, 0 deletions, 1 modification)
2025-07-28 17:39:52.743 [Thread-9] INFO  o.s.boot.web.embedded.tomcat.GracefulShutdown [] - Commencing graceful shutdown. Waiting for active requests to complete
2025-07-28 17:39:52.743 [tomcat-shutdown] INFO  org.apache.coyote.http11.Http11NioProtocol [] - Pausing ProtocolHandler ["http-nio-8001"]
2025-07-28 17:39:53.280 [tomcat-shutdown] INFO  o.s.boot.web.embedded.tomcat.GracefulShutdown [] - Graceful shutdown complete
2025-07-28 17:39:53.281 [Thread-9] INFO  org.apache.coyote.http11.Http11NioProtocol [] - Stopping ProtocolHandler ["http-nio-8001"]
2025-07-28 17:39:53.684 [restartedMain] INFO  config.com.example.employee.staff.StaffApplication [] - Starting StaffApplication using Java 17.0.11 with PID 27128 (D:\Java\springbootProject\employee\employee\staff\target\classes started by lenovo in D:\Java\springbootProject\employee\employee)
2025-07-28 17:39:53.684 [restartedMain] INFO  config.com.example.employee.staff.StaffApplication [] - No active profile set, falling back to 1 default profile: "default"
2025-07-28 17:39:53.796 [restartedMain] INFO  o.springframework.cloud.context.scope.GenericScope [] - BeanFactory id=62249537-61b2-3bc5-94b6-23aa23d41cc4
2025-07-28 17:39:53.834 [restartedMain] INFO  o.s.boot.web.embedded.tomcat.TomcatWebServer [] - Tomcat initialized with port 8001 (http)
2025-07-28 17:39:53.835 [restartedMain] INFO  org.apache.coyote.http11.Http11NioProtocol [] - Initializing ProtocolHandler ["http-nio-8001"]
2025-07-28 17:39:53.835 [restartedMain] INFO  org.apache.catalina.core.StandardService [] - Starting service [Tomcat]
2025-07-28 17:39:53.835 [restartedMain] INFO  org.apache.catalina.core.StandardEngine [] - Starting Servlet engine: [Apache Tomcat/10.1.43]
2025-07-28 17:39:53.874 [restartedMain] INFO  o.a.c.c.C.[Tomcat].[localhost].[/staff] [] - Initializing Spring embedded WebApplicationContext
2025-07-28 17:39:53.874 [restartedMain] INFO  o.s.b.w.s.c.ServletWebServerApplicationContext [] - Root WebApplicationContext: initialization completed in 188 ms
2025-07-28 17:39:53.930 [restartedMain] INFO  o.s.b.d.autoconfigure.OptionalLiveReloadServer [] - LiveReload server is running on port 35729
2025-07-28 17:39:54.201 [restartedMain] INFO  org.apache.coyote.http11.Http11NioProtocol [] - Starting ProtocolHandler ["http-nio-8001"]
2025-07-28 17:39:54.207 [restartedMain] INFO  o.s.boot.web.embedded.tomcat.TomcatWebServer [] - Tomcat started on port 8001 (http) with context path '/staff'
2025-07-28 17:39:54.470 [restartedMain] INFO  config.com.example.employee.staff.StaffApplication [] - Started StaffApplication in 1.148 seconds (process running for 210.256)
2025-07-28 17:39:54.471 [restartedMain] INFO  o.s.b.d.a.ConditionEvaluationDeltaLoggingListener [] - Condition evaluation unchanged
2025-07-28 17:39:54.472 [restartedMain] INFO  config.com.example.employee.staff.StaffApplication [] - 启动成功！！
2025-07-28 17:39:54.472 [restartedMain] INFO  config.com.example.employee.staff.StaffApplication [] - 地址: 	http://127.0.0.1:8001/staff/hello
2025-07-28 17:39:56.185 [http-nio-8001-exec-1] INFO  o.a.c.c.C.[Tomcat].[localhost].[/staff] [] - Initializing Spring DispatcherServlet 'dispatcherServlet'
2025-07-28 17:39:56.185 [http-nio-8001-exec-1] INFO  org.springframework.web.servlet.DispatcherServlet [] - Initializing Servlet 'dispatcherServlet'
2025-07-28 17:39:56.187 [http-nio-8001-exec-1] INFO  org.springframework.web.servlet.DispatcherServlet [] - Completed initialization in 1 ms
2025-07-28 18:22:09.860 [SpringApplicationShutdownHook] INFO  o.s.boot.web.embedded.tomcat.GracefulShutdown [] - Commencing graceful shutdown. Waiting for active requests to complete
2025-07-28 18:22:10.730 [tomcat-shutdown] INFO  o.s.boot.web.embedded.tomcat.GracefulShutdown [] - Graceful shutdown complete
